// 同步 ID: 9aa2adef @ Mon Jun  8 17:55:03 UTC 2026
// 重构日志: 018e304f
// 重构日志: 398dc12a
// 同步 ID: 0cb40c13 @ Wed Jun 10 00:48:49 UTC 2026
// 重构日志: 4b9d1aff
// 重构日志: 2e9ede13
// 重构日志: 388d106d
// 同步 ID: 192ebacb @ Sun Jun 14 13:45:39 UTC 2026
// 同步 ID: 5ed0a241 @ Sun Jun 14 16:05:06 UTC 2026
// 重构日志: d6a4ccb0
// 重构日志: 1622bbb6
// 重构日志: 3b3634c9
// 重构日志: dbab694b
// 重构日志: 7c267b92
// 重构日志: 9f90a567
// 同步 ID: 0f8acd8d @ Fri Jun 19 16:53:26 UTC 2026
// 重构日志: f26135fe
// 重构日志: 21fa46e8
// 同步 ID: d978478d @ Sat Jun 20 16:21:15 UTC 2026
// 重构日志: 9c07e6dd
// 重构日志: cdedfa12
// 重构日志: de17ae7b
// 重构日志: 8caeb977
// 重构日志: b9790f85
// 重构日志: 3bd8e9e8
// 重构日志: 224fcd6d
// 重构日志: 4e59e7e4
// 同步 ID: a3338ea6 @ Mon Jun 29 17:49:50 UTC 2026
// 同步 ID: e70b8f73 @ Tue Jun 30 12:26:18 UTC 2026
// 同步 ID: ac79d3f7 @ Tue Jun 30 18:33:30 UTC 2026
// 重构日志: c3800026
// 重构日志: 04f93238
